*** Starting uWSGI 2.0.9 (32bit) on [Fri Mar 15 03:52:24 2024] ***
compiled with version: 4.4.7 20120313 (Red Hat 4.4.7-3) on 05 December 2022 09:48:31
os: Linux-4.15.18.34-production #1 SMP Fri Jun 17 13:08:47 UTC 2022
nodename: localhost2
machine: x86_64
clock source: unix
pcre jit disabled
detected number of CPU cores: 4
current working directory: /data/var/cores
detected binary path: /home/venv3/bin/uwsgi
uWSGI running as root, you can use --uid/--gid/--chroot options
*** WARNING: you are running uWSGI as root !!! (use the --uid flag) *** 
*** WARNING: you are running uWSGI without its master process manager ***
your processes number limit is 55987
your memory page size is 4096 bytes
detected max file descriptor number: 131072
lock engine: pthread robust mutexes
thunder lock: disabled (you can enable it with --thunder-lock)
uwsgi socket 0 bound to TCP address 127.0.0.1:8100 fd 3
Python version: 3.6.2 (default, May 18 2018, 05:16:42)  [GCC 4.4.7 20120313 (Red Hat 4.4.7-3)]
Python main interpreter initialized at 0x93a1068
python threads support enabled
your server socket listen backlog is limited to 100 connections
your mercy for graceful operations on workers is 60 seconds
mapped 93636 bytes (91 KB) for 5 cores
*** Operational MODE: threaded ***
WSGI app 0 (mountpoint='') ready in 4 seconds on interpreter 0x93a1068 pid: 6160 (default app)
*** uWSGI is running in multiple interpreter mode ***
spawned uWSGI worker 1 (and the only) (pid: 6160, cores: 5)
*** Starting uWSGI 2.0.9 (32bit) on [Fri Mar 15 06:33:07 2024] ***
compiled with version: 4.4.7 20120313 (Red Hat 4.4.7-3) on 05 December 2022 09:48:31
os: Linux-4.15.18.34-production #1 SMP Fri Jun 17 13:08:47 UTC 2022
nodename: localhost2
machine: x86_64
clock source: unix
pcre jit disabled
detected number of CPU cores: 4
current working directory: /data/var/cores
detected binary path: /home/venv3/bin/uwsgi
uWSGI running as root, you can use --uid/--gid/--chroot options
*** WARNING: you are running uWSGI as root !!! (use the --uid flag) *** 
*** WARNING: you are running uWSGI without its master process manager ***
your processes number limit is 55987
your memory page size is 4096 bytes
detected max file descriptor number: 131072
lock engine: pthread robust mutexes
thunder lock: disabled (you can enable it with --thunder-lock)
uwsgi socket 0 bound to TCP address 127.0.0.1:8100 fd 3
Python version: 3.6.2 (default, May 18 2018, 05:16:42)  [GCC 4.4.7 20120313 (Red Hat 4.4.7-3)]
Python main interpreter initialized at 0x8d28078
python threads support enabled
your server socket listen backlog is limited to 100 connections
your mercy for graceful operations on workers is 60 seconds
mapped 93636 bytes (91 KB) for 5 cores
*** Operational MODE: threaded ***
WSGI app 0 (mountpoint='') ready in 2 seconds on interpreter 0x8d28078 pid: 22067 (default app)
*** uWSGI is running in multiple interpreter mode ***
spawned uWSGI worker 1 (and the only) (pid: 22067, cores: 5)
